{
  "stats": {
    "suites": 1,
    "tests": 1,
    "passes": 1,
    "pending": 0,
    "failures": 0,
    "start": "2025-11-25T15:41:16.405Z",
    "end": "2025-11-25T15:41:17.614Z",
    "duration": 1209,
    "testsRegistered": 1,
    "passPercent": 100,
    "pendingPercent": 0,
    "other": 0,
    "hasOther": false,
    "skipped": 0,
    "hasSkipped": false
  },
  "results": [
    {
      "uuid": "26d6d1b5-a425-42ef-98fe-fd9e47900417",
      "title": "",
      "fullFile": "cypress\\e2e\\demo\\selector.cy.js",
      "file": "cypress\\e2e\\demo\\selector.cy.js",
      "beforeHooks": [],
      "afterHooks": [],
      "tests": [],
      "suites": [
        {
          "uuid": "7aae7ef1-d392-4265-8b40-fa1db5087444",
          "title": "first",
          "fullFile": "",
          "file": "",
          "beforeHooks": [],
          "afterHooks": [],
          "tests": [
            {
              "title": "visit",
              "fullTitle": "first visit",
              "timedOut": null,
              "duration": 458,
              "state": "passed",
              "speed": "fast",
              "pass": true,
              "fail": false,
              "pending": false,
              "context": null,
              "code": "var baseUrl = \"https://example.cypress.io\";\ncy.visit(baseUrl);\ncy.get('h1').should('contain.text', 'Kitchen Sink');\ncy.contains(\"get\").click();\ncy.get('h1').should('contain.text', 'Querying');\ncy.contains(\"Best Practices Guide\").focus(); //.click()\ncy.get('.query-list').contains('bananas').should('have.class', 'third');\n// cy.get('#contains').should('contain.text', 'cy.contains()').contains(\"cy.contains()\").click()\n// cy.get('h1').should('contain.text', 'Contains')",
              "err": {},
              "uuid": "e5fafd6f-77a6-4f69-97e5-4093c653b9f1",
              "parentUUID": "7aae7ef1-d392-4265-8b40-fa1db5087444",
              "isHook": false,
              "skipped": false
            }
          ],
          "suites": [],
          "passes": [
            "e5fafd6f-77a6-4f69-97e5-4093c653b9f1"
          ],
          "failures": [],
          "pending": [],
          "skipped": [],
          "duration": 458,
          "root": false,
          "rootEmpty": false,
          "_timeout": 2000
        }
      ],
      "passes": [],
      "failures": [],
      "pending": [],
      "skipped": [],
      "duration": 0,
      "root": true,
      "rootEmpty": true,
      "_timeout": 2000
    }
  ],
  "meta": {
    "mocha": {
      "version": "7.2.0"
    },
    "mochawesome": {
      "options": {
        "quiet": false,
        "reportFilename": "mochawesome",
        "saveHtml": false,
        "saveJson": true,
        "consoleReporter": "spec",
        "useInlineDiffs": false,
        "code": true
      },
      "version": "7.1.4"
    },
    "marge": {
      "options": {
        "reportDir": "cypress/results",
        "overwrite": false,
        "html": false,
        "json": true
      },
      "version": "6.3.2"
    }
  }
}