{
  "stats": {
    "suites": 1,
    "tests": 1,
    "passes": 1,
    "pending": 0,
    "failures": 0,
    "start": "2025-11-25T15:40:24.496Z",
    "end": "2025-11-25T15:40:26.026Z",
    "duration": 1530,
    "testsRegistered": 1,
    "passPercent": 100,
    "pendingPercent": 0,
    "other": 0,
    "hasOther": false,
    "skipped": 0,
    "hasSkipped": false
  },
  "results": [
    {
      "uuid": "dd24f501-f6b3-462a-b126-9b4552d89fbc",
      "title": "",
      "fullFile": "cypress\\e2e\\demo\\assertion.cy.js",
      "file": "cypress\\e2e\\demo\\assertion.cy.js",
      "beforeHooks": [],
      "afterHooks": [],
      "tests": [],
      "suites": [
        {
          "uuid": "22804481-6f7c-47ce-b901-203181a6c4ba",
          "title": "template spec",
          "fullFile": "",
          "file": "",
          "beforeHooks": [],
          "afterHooks": [],
          "tests": [
            {
              "title": "passes",
              "fullTitle": "template spec passes",
              "timedOut": null,
              "duration": 356,
              "state": "passed",
              "speed": "fast",
              "pass": true,
              "fail": false,
              "pending": false,
              "context": null,
              "code": "cy.visit('https://example.cypress.io');\n// cy.get('#utilities > h2').should('be.visible').and('have.text', 'Commands')\n// cy.get('#utilities > h2').should('have.text', 'Commands')\n// cy.get('#utilities > h2').should('have.text', 'CommandsUtilitiesCypress API')\n// cy.get('#utilities > h2').should('have.text', 'CommandsUtilitiesCypress API')\n// cy.get('#utilities > h2').should('be.visible').and('have.text', 'CommandsUtilitiesCypress API')\n// cy.get('#utilities > h2').should('be.visible').should('have.text', 'CommandsUtilitiesCypress API')\ncy.get('#utilities > h2').should('be.visible').should('include.text', 'Commands');\ncy.get('#utilities > h2').should('be.visible').should('contain.text', 'Commands');\n// cy.get('body > div:nth-child(4) > div > div > ul > li:nth-child(1)').within(() => {\n//   cy.get('li').should('have.length', 4)\n// })",
              "err": {},
              "uuid": "d4a1b52c-6b3f-4177-98f5-d3624ea18903",
              "parentUUID": "22804481-6f7c-47ce-b901-203181a6c4ba",
              "isHook": false,
              "skipped": false
            }
          ],
          "suites": [],
          "passes": [
            "d4a1b52c-6b3f-4177-98f5-d3624ea18903"
          ],
          "failures": [],
          "pending": [],
          "skipped": [],
          "duration": 356,
          "root": false,
          "rootEmpty": false,
          "_timeout": 2000
        }
      ],
      "passes": [],
      "failures": [],
      "pending": [],
      "skipped": [],
      "duration": 0,
      "root": true,
      "rootEmpty": true,
      "_timeout": 2000
    }
  ],
  "meta": {
    "mocha": {
      "version": "7.2.0"
    },
    "mochawesome": {
      "options": {
        "quiet": false,
        "reportFilename": "mochawesome",
        "saveHtml": false,
        "saveJson": true,
        "consoleReporter": "spec",
        "useInlineDiffs": false,
        "code": true
      },
      "version": "7.1.4"
    },
    "marge": {
      "options": {
        "reportDir": "cypress/results",
        "overwrite": false,
        "html": false,
        "json": true
      },
      "version": "6.3.2"
    }
  }
}