{
  "stats": {
    "suites": 2,
    "tests": 2,
    "passes": 2,
    "pending": 0,
    "failures": 0,
    "start": "2025-11-25T15:41:07.064Z",
    "end": "2025-11-25T15:41:08.475Z",
    "duration": 1411,
    "testsRegistered": 2,
    "passPercent": 100,
    "pendingPercent": 0,
    "other": 0,
    "hasOther": false,
    "skipped": 0,
    "hasSkipped": false
  },
  "results": [
    {
      "uuid": "4a32a090-a247-437b-962a-73253f6fd83d",
      "title": "",
      "fullFile": "cypress\\e2e\\demo\\hook.cy.js",
      "file": "cypress\\e2e\\demo\\hook.cy.js",
      "beforeHooks": [],
      "afterHooks": [],
      "tests": [],
      "suites": [
        {
          "uuid": "31bc3f1d-3399-4d4f-af4b-2558402db90b",
          "title": "template spec",
          "fullFile": "",
          "file": "",
          "beforeHooks": [],
          "afterHooks": [],
          "tests": [
            {
              "title": "test case 2",
              "fullTitle": "template spec test case 2",
              "timedOut": null,
              "duration": 207,
              "state": "passed",
              "speed": "fast",
              "pass": true,
              "fail": false,
              "pending": false,
              "context": null,
              "code": "cy.visit('https://example.cypress.io');\ncy.log('==== test case 2 ====');",
              "err": {},
              "uuid": "e475034f-6b69-4c77-8fd3-c1cfe3a81bbd",
              "parentUUID": "31bc3f1d-3399-4d4f-af4b-2558402db90b",
              "isHook": false,
              "skipped": false
            }
          ],
          "suites": [],
          "passes": [
            "e475034f-6b69-4c77-8fd3-c1cfe3a81bbd"
          ],
          "failures": [],
          "pending": [],
          "skipped": [],
          "duration": 207,
          "root": false,
          "rootEmpty": false,
          "_timeout": 2000
        },
        {
          "uuid": "33257b03-f11f-4fea-bb10-be1cab07ca07",
          "title": "context",
          "fullFile": "",
          "file": "",
          "beforeHooks": [],
          "afterHooks": [],
          "tests": [
            {
              "title": "test case 3",
              "fullTitle": "context test case 3",
              "timedOut": null,
              "duration": 99,
              "state": "passed",
              "speed": "fast",
              "pass": true,
              "fail": false,
              "pending": false,
              "context": null,
              "code": "cy.visit('https://example.cypress.io');\ncy.log('==== test case 3 ====');",
              "err": {},
              "uuid": "4dfcd440-818e-4ffe-82e4-bfd1eab400ad",
              "parentUUID": "33257b03-f11f-4fea-bb10-be1cab07ca07",
              "isHook": false,
              "skipped": false
            }
          ],
          "suites": [],
          "passes": [
            "4dfcd440-818e-4ffe-82e4-bfd1eab400ad"
          ],
          "failures": [],
          "pending": [],
          "skipped": [],
          "duration": 99,
          "root": false,
          "rootEmpty": false,
          "_timeout": 2000
        }
      ],
      "passes": [],
      "failures": [],
      "pending": [],
      "skipped": [],
      "duration": 0,
      "root": true,
      "rootEmpty": true,
      "_timeout": 2000
    }
  ],
  "meta": {
    "mocha": {
      "version": "7.2.0"
    },
    "mochawesome": {
      "options": {
        "quiet": false,
        "reportFilename": "mochawesome",
        "saveHtml": false,
        "saveJson": true,
        "consoleReporter": "spec",
        "useInlineDiffs": false,
        "code": true
      },
      "version": "7.1.4"
    },
    "marge": {
      "options": {
        "reportDir": "cypress/results",
        "overwrite": false,
        "html": false,
        "json": true
      },
      "version": "6.3.2"
    }
  }
}