{
  "stats": {
    "suites": 1,
    "tests": 1,
    "passes": 1,
    "pending": 0,
    "failures": 0,
    "start": "2025-11-25T15:41:14.000Z",
    "end": "2025-11-25T15:41:15.534Z",
    "duration": 1534,
    "testsRegistered": 1,
    "passPercent": 100,
    "pendingPercent": 0,
    "other": 0,
    "hasOther": false,
    "skipped": 0,
    "hasSkipped": false
  },
  "results": [
    {
      "uuid": "762c34ce-3bf1-44ca-b3e7-b6b719cab052",
      "title": "",
      "fullFile": "cypress\\e2e\\demo\\recording.cy.js",
      "file": "cypress\\e2e\\demo\\recording.cy.js",
      "beforeHooks": [],
      "afterHooks": [],
      "tests": [],
      "suites": [
        {
          "uuid": "9f141c1f-d73d-4832-93b6-b1b2b56bdfca",
          "title": "record",
          "fullFile": "",
          "file": "",
          "beforeHooks": [],
          "afterHooks": [],
          "tests": [
            {
              "title": "recAssert",
              "fullTitle": "record recAssert",
              "timedOut": null,
              "duration": 479,
              "state": "passed",
              "speed": "fast",
              "pass": true,
              "fail": false,
              "pending": false,
              "context": null,
              "code": "cy.visit('https://example.cypress.io');\ncy.get('h1').should('be.visible');\ncy.get('h1').should('have.text', 'Kitchen Sink');\ncy.get('div:nth-child(4) li:nth-child(1) ul li:nth-child(1) a').click();\ncy.get('h1').should('be.visible');\ncy.get('h1').should('have.text', 'Querying');\ncy.get('#querying li.first').should('have.text', 'apples');\ncy.get('#querying button.btn-default span').should('have.text', 'Save Form');\ncy.get('#querying button.btn-default span').click();",
              "err": {},
              "uuid": "3debc227-42ea-4d03-9a64-e89cdc5249a1",
              "parentUUID": "9f141c1f-d73d-4832-93b6-b1b2b56bdfca",
              "isHook": false,
              "skipped": false
            }
          ],
          "suites": [],
          "passes": [
            "3debc227-42ea-4d03-9a64-e89cdc5249a1"
          ],
          "failures": [],
          "pending": [],
          "skipped": [],
          "duration": 479,
          "root": false,
          "rootEmpty": false,
          "_timeout": 2000
        }
      ],
      "passes": [],
      "failures": [],
      "pending": [],
      "skipped": [],
      "duration": 0,
      "root": true,
      "rootEmpty": true,
      "_timeout": 2000
    }
  ],
  "meta": {
    "mocha": {
      "version": "7.2.0"
    },
    "mochawesome": {
      "options": {
        "quiet": false,
        "reportFilename": "mochawesome",
        "saveHtml": false,
        "saveJson": true,
        "consoleReporter": "spec",
        "useInlineDiffs": false,
        "code": true
      },
      "version": "7.1.4"
    },
    "marge": {
      "options": {
        "reportDir": "cypress/results",
        "overwrite": false,
        "html": false,
        "json": true
      },
      "version": "6.3.2"
    }
  }
}