{
  "stats": {
    "suites": 1,
    "tests": 1,
    "passes": 1,
    "pending": 0,
    "failures": 0,
    "start": "2025-11-25T15:41:36.188Z",
    "end": "2025-11-25T15:41:37.491Z",
    "duration": 1303,
    "testsRegistered": 1,
    "passPercent": 100,
    "pendingPercent": 0,
    "other": 0,
    "hasOther": false,
    "skipped": 0,
    "hasSkipped": false
  },
  "results": [
    {
      "uuid": "7b31ea31-9e1b-4728-aec3-1505267e35c6",
      "title": "",
      "fullFile": "cypress\\e2e\\demo\\test.cy.js",
      "file": "cypress\\e2e\\demo\\test.cy.js",
      "beforeHooks": [],
      "afterHooks": [],
      "tests": [],
      "suites": [
        {
          "uuid": "708bd91e-84e8-4720-86b6-29a7e5d3602b",
          "title": "first",
          "fullFile": "",
          "file": "",
          "beforeHooks": [],
          "afterHooks": [],
          "tests": [
            {
              "title": "visit",
              "fullTitle": "first visit",
              "timedOut": null,
              "duration": 228,
              "state": "passed",
              "speed": "fast",
              "pass": true,
              "fail": false,
              "pending": false,
              "context": null,
              "code": "var baseUrl = \"https://example.cypress.io\";\ncy.visit(baseUrl + '/commands/querying', {\n  timeout: 3000\n});",
              "err": {},
              "uuid": "343e4d02-8a82-4088-a06a-e2999c6b8704",
              "parentUUID": "708bd91e-84e8-4720-86b6-29a7e5d3602b",
              "isHook": false,
              "skipped": false
            }
          ],
          "suites": [],
          "passes": [
            "343e4d02-8a82-4088-a06a-e2999c6b8704"
          ],
          "failures": [],
          "pending": [],
          "skipped": [],
          "duration": 228,
          "root": false,
          "rootEmpty": false,
          "_timeout": 2000
        }
      ],
      "passes": [],
      "failures": [],
      "pending": [],
      "skipped": [],
      "duration": 0,
      "root": true,
      "rootEmpty": true,
      "_timeout": 2000
    }
  ],
  "meta": {
    "mocha": {
      "version": "7.2.0"
    },
    "mochawesome": {
      "options": {
        "quiet": false,
        "reportFilename": "mochawesome",
        "saveHtml": false,
        "saveJson": true,
        "consoleReporter": "spec",
        "useInlineDiffs": false,
        "code": true
      },
      "version": "7.1.4"
    },
    "marge": {
      "options": {
        "reportDir": "cypress/results",
        "overwrite": false,
        "html": false,
        "json": true
      },
      "version": "6.3.2"
    }
  }
}