{
  "stats": {
    "suites": 1,
    "tests": 1,
    "passes": 1,
    "pending": 0,
    "failures": 0,
    "start": "2025-11-25T15:41:18.481Z",
    "end": "2025-11-25T15:41:20.309Z",
    "duration": 1828,
    "testsRegistered": 1,
    "passPercent": 100,
    "pendingPercent": 0,
    "other": 0,
    "hasOther": false,
    "skipped": 0,
    "hasSkipped": false
  },
  "results": [
    {
      "uuid": "82f39f01-a3fc-4304-a719-449ef3f94bd2",
      "title": "",
      "fullFile": "cypress\\e2e\\demo\\subject.cy.js",
      "file": "cypress\\e2e\\demo\\subject.cy.js",
      "beforeHooks": [],
      "afterHooks": [],
      "tests": [],
      "suites": [
        {
          "uuid": "ccb37576-4ea7-4174-ac0a-756f5d202876",
          "title": "template spec",
          "fullFile": "",
          "file": "",
          "beforeHooks": [],
          "afterHooks": [],
          "tests": [
            {
              "title": "passes",
              "fullTitle": "template spec passes",
              "timedOut": null,
              "duration": 696,
              "state": "passed",
              "speed": "fast",
              "pass": true,
              "fail": false,
              "pending": false,
              "context": null,
              "code": "cy.visit('https://automate-test.stpb-digital.com/login/');\ncy.get('form').as('formLogin');\ncy.get('@formLogin').find('input').first().type('test@gmail.com'); // get login form and type email\n// get login form and verify number of input fields within the form\ncy.get('@formLogin').within(() => {\n  cy.get('input').its('length').should('be.greaterThan', 1).and('be.lessThan', 3);\n});",
              "err": {},
              "uuid": "84a11cf9-a186-440c-b234-1237b90efa82",
              "parentUUID": "ccb37576-4ea7-4174-ac0a-756f5d202876",
              "isHook": false,
              "skipped": false
            }
          ],
          "suites": [],
          "passes": [
            "84a11cf9-a186-440c-b234-1237b90efa82"
          ],
          "failures": [],
          "pending": [],
          "skipped": [],
          "duration": 696,
          "root": false,
          "rootEmpty": false,
          "_timeout": 2000
        }
      ],
      "passes": [],
      "failures": [],
      "pending": [],
      "skipped": [],
      "duration": 0,
      "root": true,
      "rootEmpty": true,
      "_timeout": 2000
    }
  ],
  "meta": {
    "mocha": {
      "version": "7.2.0"
    },
    "mochawesome": {
      "options": {
        "quiet": false,
        "reportFilename": "mochawesome",
        "saveHtml": false,
        "saveJson": true,
        "consoleReporter": "spec",
        "useInlineDiffs": false,
        "code": true
      },
      "version": "7.1.4"
    },
    "marge": {
      "options": {
        "reportDir": "cypress/results",
        "overwrite": false,
        "html": false,
        "json": true
      },
      "version": "6.3.2"
    }
  }
}